<?xml version="1.0" encoding="UTF-8"?>
<!-- Generated by org.testng.reporters.JUnitReportReporter -->
<testsuite hostname="DESKTOP-LS1AA80" failures="0" tests="1" name="com.automationpractice3.product.ProductinfoTestCases" time="5.059" errors="0" timestamp="09 Jul 2019 23:56:53 GMT" skipped="0">
  <testcase classname="com.automationpractice3.product.ProductinfoTestCases" name="Product_compare" time="5.059"/>
</testsuite> <!-- com.automationpractice3.product.ProductinfoTestCases -->
