<?xml version="1.0" encoding="UTF-8"?>
<!-- Generated by org.testng.reporters.JUnitReportReporter -->
<testsuite hostname="DESKTOP-LS1AA80" failures="0" tests="1" name="com.qa.automationpractice3.selectObjectDemo" time="2.989" errors="0" timestamp="03 Jul 2019 02:26:51 GMT" skipped="0">
  <testcase classname="com.qa.automationpractice3.selectObjectDemo" name="selectOptionFromDropDown" time="2.989"/>
</testsuite> <!-- com.qa.automationpractice3.selectObjectDemo -->
