<?xml version="1.0" encoding="UTF-8"?>
<!-- Generated by org.testng.reporters.JUnitReportReporter -->
<testsuite hostname="DESKTOP-LS1AA80" failures="0" tests="1" name="com.automationpractice3.product.Productinfo" time="24.636" errors="0" timestamp="03 Jul 2019 04:50:21 GMT" skipped="0">
  <testcase classname="com.automationpractice3.product.Productinfo" name="Review_on_product" time="24.636"/>
</testsuite> <!-- com.automationpractice3.product.Productinfo -->
