<?xml version="1.0" encoding="UTF-8"?>
<!-- Generated by org.testng.reporters.JUnitReportReporter -->
<testsuite hostname="DESKTOP-LS1AA80" failures="0" tests="1" name="com.qa.automationpractice3.WebDriverwaitDemo" time="21.134" errors="0" timestamp="10 Jul 2019 02:14:54 GMT" skipped="0">
  <testcase classname="com.qa.automationpractice3.WebDriverwaitDemo" name="waitDemoOne" time="21.134"/>
</testsuite> <!-- com.qa.automationpractice3.WebDriverwaitDemo -->
