<?xml version="1.0" encoding="UTF-8"?>
<!-- Generated by org.testng.reporters.JUnitReportReporter -->
<testsuite hostname="DESKTOP-LS1AA80" failures="0" tests="1" name="com.qa.automationpractice3.ActionDemo" time="3.311" errors="0" timestamp="11 Jul 2019 05:06:41 GMT" skipped="0">
  <testcase classname="com.qa.automationpractice3.ActionDemo" name="keyPressByAction" time="3.311"/>
</testsuite> <!-- com.qa.automationpractice3.ActionDemo -->
