<?xml version="1.0" encoding="UTF-8"?>
<!-- Generated by org.testng.reporters.JUnitReportReporter -->
<testsuite hostname="DESKTOP-LS1AA80" failures="0" tests="1" name="com.automationpractice3.product.ProductDiscountinfo" time="4.768" errors="0" timestamp="03 Jul 2019 05:23:19 GMT" skipped="0">
  <testcase classname="com.automationpractice3.product.ProductDiscountinfo" name="Discounted_product_listiong" time="4.768"/>
</testsuite> <!-- com.automationpractice3.product.ProductDiscountinfo -->
