<?xml version="1.0" encoding="UTF-8"?>
<!-- Generated by org.testng.reporters.JUnitReportReporter -->
<testsuite hostname="DESKTOP-LS1AA80" failures="0" tests="1" name="com.automationpractice3.login.LoginTestCases" time="5.396" errors="0" timestamp="11 Jul 2019 06:01:11 GMT" skipped="0">
  <testcase classname="com.automationpractice3.login.LoginTestCases" name="Login_with_invalid_userid" time="5.396"/>
</testsuite> <!-- com.automationpractice3.login.LoginTestCases -->
